app/build/intermediates/manifest_merge_blame_file/debug/processDebugMainManifest/manifest-merger-blame-debug-report.txt
1<?xml version="1.0" encoding="utf-8"?>
2<manifest xmlns:android="http://schemas.android.com/apk/res/android"
3    package="com.radaralert"
4    android:versionCode="1"
5    android:versionName="1.0" >
6
7    <uses-sdk
8        android:minSdkVersion="26"
9        android:targetSdkVersion="35" />
10
11    <!-- Localisation -->
12    <uses-permission android:name="android.permission.ACCESS_FINE_LOCATION" />
12-->src/main/AndroidManifest.xml:5:5-79
12-->src/main/AndroidManifest.xml:5:22-76
13    <uses-permission android:name="android.permission.ACCESS_COARSE_LOCATION" />
13-->src/main/AndroidManifest.xml:6:5-81
13-->src/main/AndroidManifest.xml:6:22-78
14    <uses-permission android:name="android.permission.ACCESS_BACKGROUND_LOCATION" />
14-->src/main/AndroidManifest.xml:7:5-85
14-->src/main/AndroidManifest.xml:7:22-82
15
16    <!-- Foreground Service -->
17    <uses-permission android:name="android.permission.FOREGROUND_SERVICE" />
17-->src/main/AndroidManifest.xml:10:5-77
17-->src/main/AndroidManifest.xml:10:22-74
18    <uses-permission android:name="android.permission.FOREGROUND_SERVICE_LOCATION" />
18-->src/main/AndroidManifest.xml:11:5-86
18-->src/main/AndroidManifest.xml:11:22-83
19
20    <!-- Notifications (Android 13+) -->
21    <uses-permission android:name="android.permission.POST_NOTIFICATIONS" />
21-->src/main/AndroidManifest.xml:14:5-77
21-->src/main/AndroidManifest.xml:14:22-74
22
23    <!-- Overlay -->
24    <uses-permission android:name="android.permission.SYSTEM_ALERT_WINDOW" />
24-->src/main/AndroidManifest.xml:17:5-78
24-->src/main/AndroidManifest.xml:17:22-75
25
26    <!-- Réseau pour téléchargement CSV -->
27    <uses-permission android:name="android.permission.INTERNET" />
27-->src/main/AndroidManifest.xml:20:5-67
27-->src/main/AndroidManifest.xml:20:22-64
28
29    <!-- Vibration pour alertes -->
30    <uses-permission android:name="android.permission.VIBRATE" />
30-->src/main/AndroidManifest.xml:23:5-66
30-->src/main/AndroidManifest.xml:23:22-63
31
32    <!-- OpenGL ES 3.0 required -->
33    <uses-feature
33-->[org.maplibre.gl:android-sdk:11.8.1] AndroidManifest.xml:7:5-9:35
34        android:glEsVersion="0x00030000"
34-->[org.maplibre.gl:android-sdk:11.8.1] AndroidManifest.xml:8:9-41
35        android:required="true" />
35-->[org.maplibre.gl:android-sdk:11.8.1] AndroidManifest.xml:9:9-32
36    <uses-feature
36-->[org.maplibre.gl:android-sdk:11.8.1] AndroidManifest.xml:10:5-12:36
37        android:name="android.hardware.wifi"
37-->[org.maplibre.gl:android-sdk:11.8.1] AndroidManifest.xml:11:9-45
38        android:required="false" />
38-->[org.maplibre.gl:android-sdk:11.8.1] AndroidManifest.xml:12:9-33
39
40    <uses-permission android:name="android.permission.ACCESS_NETWORK_STATE" />
40-->[org.maplibre.gl:android-sdk:11.8.1] AndroidManifest.xml:14:5-79
40-->[org.maplibre.gl:android-sdk:11.8.1] AndroidManifest.xml:14:22-76
41    <uses-permission android:name="android.permission.ACCESS_WIFI_STATE" />
41-->[org.maplibre.gl:android-sdk:11.8.1] AndroidManifest.xml:15:5-76
41-->[org.maplibre.gl:android-sdk:11.8.1] AndroidManifest.xml:15:22-73
42
43    <permission
43-->[androidx.core:core:1.15.0] AndroidManifest.xml:22:5-24:47
44        android:name="com.radaralert.DYNAMIC_RECEIVER_NOT_EXPORTED_PERMISSION"
44-->[androidx.core:core:1.15.0] AndroidManifest.xml:23:9-81
45        android:protectionLevel="signature" />
45-->[androidx.core:core:1.15.0] AndroidManifest.xml:24:9-44
46
47    <uses-permission android:name="com.radaralert.DYNAMIC_RECEIVER_NOT_EXPORTED_PERMISSION" />
47-->[androidx.core:core:1.15.0] AndroidManifest.xml:26:5-97
47-->[androidx.core:core:1.15.0] AndroidManifest.xml:26:22-94
48
49    <supports-screens
49-->[org.osmdroid:osmdroid-android:6.1.20] AndroidManifest.xml:9:5-12:40
50        android:anyDensity="true"
50-->[org.osmdroid:osmdroid-android:6.1.20] AndroidManifest.xml:10:9-34
51        android:largeScreens="true"
51-->[org.osmdroid:osmdroid-android:6.1.20] AndroidManifest.xml:11:9-36
52        android:normalScreens="true" />
52-->[org.osmdroid:osmdroid-android:6.1.20] AndroidManifest.xml:12:9-37
53
54    <uses-feature
54-->[org.osmdroid:osmdroid-android:6.1.20] AndroidManifest.xml:14:5-16:36
55        android:name="android.hardware.location.network"
55-->[org.osmdroid:osmdroid-android:6.1.20] AndroidManifest.xml:15:9-57
56        android:required="false" />
56-->[org.osmdroid:osmdroid-android:6.1.20] AndroidManifest.xml:16:9-33
57    <uses-feature
57-->[org.osmdroid:osmdroid-android:6.1.20] AndroidManifest.xml:17:5-19:36
58        android:name="android.hardware.location.gps"
58-->[org.osmdroid:osmdroid-android:6.1.20] AndroidManifest.xml:18:9-53
59        android:required="false" />
59-->[org.osmdroid:osmdroid-android:6.1.20] AndroidManifest.xml:19:9-33
60    <uses-feature
60-->[org.osmdroid:osmdroid-android:6.1.20] AndroidManifest.xml:20:5-22:36
61        android:name="android.hardware.telephony"
61-->[org.osmdroid:osmdroid-android:6.1.20] AndroidManifest.xml:21:9-50
62        android:required="false" />
62-->[org.osmdroid:osmdroid-android:6.1.20] AndroidManifest.xml:22:9-33
63
64    <application
64-->src/main/AndroidManifest.xml:25:5-50:19
65        android:name="com.radaralert.RadarAlertApp"
65-->src/main/AndroidManifest.xml:26:9-38
66        android:allowBackup="true"
66-->src/main/AndroidManifest.xml:27:9-35
67        android:appComponentFactory="androidx.core.app.CoreComponentFactory"
67-->[androidx.core:core:1.15.0] AndroidManifest.xml:28:18-86
68        android:debuggable="true"
69        android:extractNativeLibs="false"
70        android:icon="@mipmap/ic_launcher"
70-->src/main/AndroidManifest.xml:28:9-43
71        android:label="@string/app_name"
71-->src/main/AndroidManifest.xml:29:9-41
72        android:roundIcon="@mipmap/ic_launcher_round"
72-->src/main/AndroidManifest.xml:30:9-54
73        android:supportsRtl="true"
73-->src/main/AndroidManifest.xml:31:9-35
74        android:theme="@style/Theme.RadarAlert" >
74-->src/main/AndroidManifest.xml:32:9-48
75        <activity
75-->src/main/AndroidManifest.xml:34:9-43:20
76            android:name="com.radaralert.MainActivity"
76-->src/main/AndroidManifest.xml:35:13-41
77            android:exported="true"
77-->src/main/AndroidManifest.xml:36:13-36
78            android:launchMode="singleTop"
78-->src/main/AndroidManifest.xml:37:13-43
79            android:windowSoftInputMode="adjustResize" >
79-->src/main/AndroidManifest.xml:38:13-55
80            <intent-filter>
80-->src/main/AndroidManifest.xml:39:13-42:29
81                <action android:name="android.intent.action.MAIN" />
81-->src/main/AndroidManifest.xml:40:17-69
81-->src/main/AndroidManifest.xml:40:25-66
82
83                <category android:name="android.intent.category.LAUNCHER" />
83-->src/main/AndroidManifest.xml:41:17-77
83-->src/main/AndroidManifest.xml:41:27-74
84            </intent-filter>
85        </activity>
86
87        <service
87-->src/main/AndroidManifest.xml:45:9-48:40
88            android:name="com.radaralert.location.LocationService"
88-->src/main/AndroidManifest.xml:46:13-53
89            android:exported="false"
89-->src/main/AndroidManifest.xml:48:13-37
90            android:foregroundServiceType="location" />
90-->src/main/AndroidManifest.xml:47:13-53
91
92        <activity
92-->[androidx.compose.ui:ui-tooling-android:1.7.4] AndroidManifest.xml:23:9-25:39
93            android:name="androidx.compose.ui.tooling.PreviewActivity"
93-->[androidx.compose.ui:ui-tooling-android:1.7.4] AndroidManifest.xml:24:13-71
94            android:exported="true" />
94-->[androidx.compose.ui:ui-tooling-android:1.7.4] AndroidManifest.xml:25:13-36
95        <activity
95-->[com.google.android.gms:play-services-base:18.5.0] AndroidManifest.xml:5:9-173
96            android:name="com.google.android.gms.common.api.GoogleApiActivity"
96-->[com.google.android.gms:play-services-base:18.5.0] AndroidManifest.xml:5:19-85
97            android:exported="false"
97-->[com.google.android.gms:play-services-base:18.5.0] AndroidManifest.xml:5:146-170
98            android:theme="@android:style/Theme.Translucent.NoTitleBar" />
98-->[com.google.android.gms:play-services-base:18.5.0] AndroidManifest.xml:5:86-145
99
100        <meta-data
100-->[com.google.android.gms:play-services-basement:18.4.0] AndroidManifest.xml:6:9-122
101            android:name="com.google.android.gms.version"
101-->[com.google.android.gms:play-services-basement:18.4.0] AndroidManifest.xml:6:20-65
102            android:value="@integer/google_play_services_version" />
102-->[com.google.android.gms:play-services-basement:18.4.0] AndroidManifest.xml:6:66-119
103
104        <provider
104-->[androidx.emoji2:emoji2:1.3.0] AndroidManifest.xml:24:9-32:20
105            android:name="androidx.startup.InitializationProvider"
105-->[androidx.emoji2:emoji2:1.3.0] AndroidManifest.xml:25:13-67
106            android:authorities="com.radaralert.androidx-startup"
106-->[androidx.emoji2:emoji2:1.3.0] AndroidManifest.xml:26:13-68
107            android:exported="false" >
107-->[androidx.emoji2:emoji2:1.3.0] AndroidManifest.xml:27:13-37
108            <meta-data
108-->[androidx.emoji2:emoji2:1.3.0] AndroidManifest.xml:29:13-31:52
109                android:name="androidx.emoji2.text.EmojiCompatInitializer"
109-->[androidx.emoji2:emoji2:1.3.0] AndroidManifest.xml:30:17-75
110                android:value="androidx.startup" />
110-->[androidx.emoji2:emoji2:1.3.0] AndroidManifest.xml:31:17-49
111            <meta-data
111-->[androidx.lifecycle:lifecycle-process:2.8.7] AndroidManifest.xml:29:13-31:52
112                android:name="androidx.lifecycle.ProcessLifecycleInitializer"
112-->[androidx.lifecycle:lifecycle-process:2.8.7] AndroidManifest.xml:30:17-78
113                android:value="androidx.startup" />
113-->[androidx.lifecycle:lifecycle-process:2.8.7] AndroidManifest.xml:31:17-49
114            <meta-data
114-->[androidx.profileinstaller:profileinstaller:1.3.1] AndroidManifest.xml:29:13-31:52
115                android:name="androidx.profileinstaller.ProfileInstallerInitializer"
115-->[androidx.profileinstaller:profileinstaller:1.3.1] AndroidManifest.xml:30:17-85
116                android:value="androidx.startup" />
116-->[androidx.profileinstaller:profileinstaller:1.3.1] AndroidManifest.xml:31:17-49
117        </provider>
118
119        <service
119-->[androidx.room:room-runtime:2.6.1] AndroidManifest.xml:24:9-28:63
120            android:name="androidx.room.MultiInstanceInvalidationService"
120-->[androidx.room:room-runtime:2.6.1] AndroidManifest.xml:25:13-74
121            android:directBootAware="true"
121-->[androidx.room:room-runtime:2.6.1] AndroidManifest.xml:26:13-43
122            android:exported="false" />
122-->[androidx.room:room-runtime:2.6.1] AndroidManifest.xml:27:13-37
123
124        <receiver
124-->[androidx.profileinstaller:profileinstaller:1.3.1] AndroidManifest.xml:34:9-52:20
125            android:name="androidx.profileinstaller.ProfileInstallReceiver"
125-->[androidx.profileinstaller:profileinstaller:1.3.1] AndroidManifest.xml:35:13-76
126            android:directBootAware="false"
126-->[androidx.profileinstaller:profileinstaller:1.3.1] AndroidManifest.xml:36:13-44
127            android:enabled="true"
127-->[androidx.profileinstaller:profileinstaller:1.3.1] AndroidManifest.xml:37:13-35
128            android:exported="true"
128-->[androidx.profileinstaller:profileinstaller:1.3.1] AndroidManifest.xml:38:13-36
129            android:permission="android.permission.DUMP" >
129-->[androidx.profileinstaller:profileinstaller:1.3.1] AndroidManifest.xml:39:13-57
130            <intent-filter>
130-->[androidx.profileinstaller:profileinstaller:1.3.1] AndroidManifest.xml:40:13-42:29
131                <action android:name="androidx.profileinstaller.action.INSTALL_PROFILE" />
131-->[androidx.profileinstaller:profileinstaller:1.3.1] AndroidManifest.xml:41:17-91
131-->[androidx.profileinstaller:profileinstaller:1.3.1] AndroidManifest.xml:41:25-88
132            </intent-filter>
133            <intent-filter>
133-->[androidx.profileinstaller:profileinstaller:1.3.1] AndroidManifest.xml:43:13-45:29
134                <action android:name="androidx.profileinstaller.action.SKIP_FILE" />
134-->[androidx.profileinstaller:profileinstaller:1.3.1] AndroidManifest.xml:44:17-85
134-->[androidx.profileinstaller:profileinstaller:1.3.1] AndroidManifest.xml:44:25-82
135            </intent-filter>
136            <intent-filter>
136-->[androidx.profileinstaller:profileinstaller:1.3.1] AndroidManifest.xml:46:13-48:29
137                <action android:name="androidx.profileinstaller.action.SAVE_PROFILE" />
137-->[androidx.profileinstaller:profileinstaller:1.3.1] AndroidManifest.xml:47:17-88
137-->[androidx.profileinstaller:profileinstaller:1.3.1] AndroidManifest.xml:47:25-85
138            </intent-filter>
139            <intent-filter>
139-->[androidx.profileinstaller:profileinstaller:1.3.1] AndroidManifest.xml:49:13-51:29
140                <action android:name="androidx.profileinstaller.action.BENCHMARK_OPERATION" />
140-->[androidx.profileinstaller:profileinstaller:1.3.1] AndroidManifest.xml:50:17-95
140-->[androidx.profileinstaller:profileinstaller:1.3.1] AndroidManifest.xml:50:25-92
141            </intent-filter>
142        </receiver>
143    </application>
144
145</manifest>